{
  "RSpec": {
    "coverage": {
      "/home/trishogen/tic-tac-toe-rb-online-web-sp-000/lib/tic_tac_toe.rb": [
        null,
        1,
        null,
        null,
        null,
        null,
        null,
        null,
        null,
        null,
        null,
        1,
        24,
        24,
        24,
        24,
        24,
        null,
        null,
        1,
        23,
        null,
        null,
        1,
        22,
        null,
        null,
        1,
        24,
        21,
        3,
        3,
        null,
        0,
        null,
        null,
        null,
        1,
        22,
        19,
        null,
        3,
        null,
        null,
        null,
        1,
        20,
        20,
        20,
        null,
        null,
        1,
        19,
        null,
        19,
        1,
        null,
        null,
        19,
        19,
        null,
        null,
        1,
        21,
        21,
        189,
        31,
        null,
        null,
        21,
        null,
        null,
        1,
        20,
        14,
        null,
        6,
        null,
        null,
        null,
        1,
        57,
        365,
        null,
        null,
        null,
        1,
        152,
        null,
        null,
        1,
        14,
        2,
        null,
        null,
        null,
        1,
        21,
        10,
        null,
        null,
        null,
        1,
        7,
        6,
        null,
        null,
        null,
        1,
        12,
        17,
        null,
        null,
        12,
        5,
        null,
        7,
        null,
        null
      ]
    },
    "timestamp": 1557541548
  }
}
